# JRE version: OpenJDK Runtime Environment Temurin-17.0.6+10 (17.0.6+10) (build 17.0.6+10)
# Java VM: OpenJDK 64-Bit Server VM Temurin-17.0.6+10 (17.0.6+10, mixed mode, emulated-client, tiered, compressed oops, compressed class ptrs, g1 gc, windows-amd64)
GC Precious Log:
 CPUs: 16 total, 16 available
 Memory: 16008M
 Large Page Support: Disabled
 NUMA Support: Disabled
 Compressed Oops: Enabled (32-bit)
 Heap Region Size: 1M
 Heap Min Capacity: 8M
 Heap Initial Capacity: 252M
 Heap Max Capacity: 1G
 Pre-touch: Disabled
 Parallel Workers: 13
 Concurrent Workers: 3
 Concurrent Refinement Workers: 13
 Periodic GC: Disabled
Heap:
 garbage-first heap   total 307200K, used 99227K [0x00000000c0000000, 0x0000000100000000)
  region size 1024K, 1 young (1024K), 0 survivors (0K)
 Metaspace       used 71000K, committed 71488K, reserved 1114112K
  class space    used 9653K, committed 9856K, reserved 1048576K
GC Heap History (20 events):
Event: 10737.221 GC heap before
{Heap before GC invocations=953 (full 785):
 garbage-first heap   total 307200K, used 99230K [0x00000000c0000000, 0x0000000100000000)
  region size 1024K, 1 young (1024K), 0 survivors (0K)
 Metaspace       used 71000K, committed 71488K, reserved 1114112K
  class space    used 9653K, committed 9856K, reserved 1048576K
}
Event: 10737.261 GC heap after
{Heap after GC invocations=954 (full 786):
 garbage-first heap   total 307200K, used 99230K [0x00000000c0000000, 0x0000000100000000)
  region size 1024K, 0 young (0K), 0 survivors (0K)
 Metaspace       used 71000K, committed 71488K, reserved 1114112K
  class space    used 9653K, committed 9856K, reserved 1048576K
}
Event: 10747.390 GC heap before
{Heap before GC invocations=954 (full 786):
 garbage-first heap   total 307200K, used 99230K [0x00000000c0000000, 0x0000000100000000)
  region size 1024K, 1 young (1024K), 0 survivors (0K)
 Metaspace       used 71000K, committed 71488K, reserved 1114112K
  class space    used 9653K, committed 9856K, reserved 1048576K
}
Event: 10747.430 GC heap after
{Heap after GC invocations=955 (full 787):
 garbage-first heap   total 307200K, used 99230K [0x00000000c0000000, 0x0000000100000000)
  region size 1024K, 0 young (0K), 0 survivors (0K)
 Metaspace       used 71000K, committed 71488K, reserved 1114112K
  class space    used 9653K, committed 9856K, reserved 1048576K
}
Event: 10757.571 GC heap before
{Heap before GC invocations=955 (full 787):
 garbage-first heap   total 307200K, used 99230K [0x00000000c0000000, 0x0000000100000000)
  region size 1024K, 1 young (1024K), 0 survivors (0K)
 Metaspace       used 71000K, committed 71488K, reserved 1114112K
  class space    used 9653K, committed 9856K, reserved 1048576K
}
Event: 10757.616 GC heap after
{Heap after GC invocations=956 (full 788):
 garbage-first heap   total 307200K, used 99230K [0x00000000c0000000, 0x0000000100000000)
  region size 1024K, 0 young (0K), 0 survivors (0K)
 Metaspace       used 71000K, committed 71488K, reserved 1114112K
  class space    used 9653K, committed 9856K, reserved 1048576K
}
Event: 10767.741 GC heap before
{Heap before GC invocations=956 (full 788):
 garbage-first heap   total 307200K, used 99230K [0x00000000c0000000, 0x0000000100000000)
  region size 1024K, 1 young (1024K), 0 survivors (0K)
 Metaspace       used 71000K, committed 71488K, reserved 1114112K
  class space    used 9653K, committed 9856K, reserved 1048576K
}
Event: 10767.782 GC heap after
{Heap after GC invocations=957 (full 789):
 garbage-first heap   total 307200K, used 99230K [0x00000000c0000000, 0x0000000100000000)
  region size 1024K, 0 young (0K), 0 survivors (0K)
 Metaspace       used 71000K, committed 71488K, reserved 1114112K
  class space    used 9653K, committed 9856K, reserved 1048576K
}
Event: 10777.930 GC heap before
{Heap before GC invocations=957 (full 789):
 garbage-first heap   total 307200K, used 99230K [0x00000000c0000000, 0x0000000100000000)
  region size 1024K, 1 young (1024K), 0 survivors (0K)
 Metaspace       used 71000K, committed 71488K, reserved 1114112K
  class space    used 9653K, committed 9856K, reserved 1048576K
}
Event: 10777.983 GC heap after
{Heap after GC invocations=958 (full 790):
 garbage-first heap   total 307200K, used 99227K [0x00000000c0000000, 0x0000000100000000)
  region size 1024K, 0 young (0K), 0 survivors (0K)
 Metaspace       used 71000K, committed 71488K, reserved 1114112K
  class space    used 9653K, committed 9856K, reserved 1048576K
}
Event: 10788.129 GC heap before
{Heap before GC invocations=958 (full 790):
 garbage-first heap   total 307200K, used 99227K [0x00000000c0000000, 0x0000000100000000)
  region size 1024K, 1 young (1024K), 0 survivors (0K)
 Metaspace       used 71000K, committed 71488K, reserved 1114112K
  class space    used 9653K, committed 9856K, reserved 1048576K
}
Event: 10788.183 GC heap after
{Heap after GC invocations=959 (full 791):
 garbage-first heap   total 307200K, used 99227K [0x00000000c0000000, 0x0000000100000000)
  region size 1024K, 0 young (0K), 0 survivors (0K)
 Metaspace       used 71000K, committed 71488K, reserved 1114112K
  class space    used 9653K, committed 9856K, reserved 1048576K
}
Event: 10798.322 GC heap before
{Heap before GC invocations=959 (full 791):
 garbage-first heap   total 307200K, used 99227K [0x00000000c0000000, 0x0000000100000000)
  region size 1024K, 1 young (1024K), 0 survivors (0K)
 Metaspace       used 71000K, committed 71488K, reserved 1114112K
  class space    used 9653K, committed 9856K, reserved 1048576K
}
Event: 10798.366 GC heap after
{Heap after GC invocations=960 (full 792):
 garbage-first heap   total 307200K, used 99227K [0x00000000c0000000, 0x0000000100000000)
  region size 1024K, 0 young (0K), 0 survivors (0K)
 Metaspace       used 71000K, committed 71488K, reserved 1114112K
  class space    used 9653K, committed 9856K, reserved 1048576K
}
Event: 10808.494 GC heap before
{Heap before GC invocations=960 (full 792):
 garbage-first heap   total 307200K, used 99227K [0x00000000c0000000, 0x0000000100000000)
  region size 1024K, 1 young (1024K), 0 survivors (0K)
 Metaspace       used 71000K, committed 71488K, reserved 1114112K
  class space    used 9653K, committed 9856K, reserved 1048576K
}
Event: 10808.539 GC heap after
{Heap after GC invocations=961 (full 793):
 garbage-first heap   total 307200K, used 99227K [0x00000000c0000000, 0x0000000100000000)
  region size 1024K, 0 young (0K), 0 survivors (0K)
 Metaspace       used 71000K, committed 71488K, reserved 1114112K
  class space    used 9653K, committed 9856K, reserved 1048576K
}
Event: 10818.675 GC heap before
{Heap before GC invocations=961 (full 793):
 garbage-first heap   total 307200K, used 99227K [0x00000000c0000000, 0x0000000100000000)
  region size 1024K, 1 young (1024K), 0 survivors (0K)
 Metaspace       used 71000K, committed 71488K, reserved 1114112K
  class space    used 9653K, committed 9856K, reserved 1048576K
}
Event: 10818.717 GC heap after
{Heap after GC invocations=962 (full 794):
 garbage-first heap   total 307200K, used 99227K [0x00000000c0000000, 0x0000000100000000)
  region size 1024K, 0 young (0K), 0 survivors (0K)
 Metaspace       used 71000K, committed 71488K, reserved 1114112K
  class space    used 9653K, committed 9856K, reserved 1048576K
}
Event: 10828.845 GC heap before
{Heap before GC invocations=962 (full 794):
 garbage-first heap   total 307200K, used 99227K [0x00000000c0000000, 0x0000000100000000)
  region size 1024K, 1 young (1024K), 0 survivors (0K)
 Metaspace       used 71000K, committed 71488K, reserved 1114112K
  class space    used 9653K, committed 9856K, reserved 1048576K
}
Event: 10828.894 GC heap after
{Heap after GC invocations=963 (full 795):
 garbage-first heap   total 307200K, used 99227K [0x00000000c0000000, 0x0000000100000000)
  region size 1024K, 0 young (0K), 0 survivors (0K)
 Metaspace       used 71000K, committed 71488K, reserved 1114112K
  class space    used 9653K, committed 9856K, reserved 1048576K
}

