# JRE version: OpenJDK Runtime Environment Temurin-17.0.6+10 (17.0.6+10) (build 17.0.6+10)
# Java VM: OpenJDK 64-Bit Server VM Temurin-17.0.6+10 (17.0.6+10, mixed mode, emulated-client, tiered, compressed oops, compressed class ptrs, g1 gc, windows-amd64)
GC Precious Log:
 CPUs: 16 total, 16 available
 Memory: 16008M
 Large Page Support: Disabled
 NUMA Support: Disabled
 Compressed Oops: Enabled (32-bit)
 Heap Region Size: 1M
 Heap Min Capacity: 8M
 Heap Initial Capacity: 252M
 Heap Max Capacity: 1G
 Pre-touch: Disabled
 Parallel Workers: 13
 Concurrent Workers: 3
 Concurrent Refinement Workers: 13
 Periodic GC: Disabled
Heap:
 garbage-first heap   total 304128K, used 99110K [0x00000000c0000000, 0x0000000100000000)
  region size 1024K, 1 young (1024K), 0 survivors (0K)
 Metaspace       used 71545K, committed 72064K, reserved 1114112K
  class space    used 9736K, committed 9984K, reserved 1048576K
GC Heap History (20 events):
Event: 2631.633 GC heap before
{Heap before GC invocations=273 (full 100):
 garbage-first heap   total 304128K, used 123868K [0x00000000c0000000, 0x0000000100000000)
  region size 1024K, 14 young (14336K), 7 survivors (7168K)
 Metaspace       used 71543K, committed 72064K, reserved 1114112K
  class space    used 9736K, committed 9984K, reserved 1048576K
}
Event: 2631.635 GC heap after
{Heap after GC invocations=274 (full 100):
 garbage-first heap   total 304128K, used 109477K [0x00000000c0000000, 0x0000000100000000)
  region size 1024K, 2 young (2048K), 2 survivors (2048K)
 Metaspace       used 71543K, committed 72064K, reserved 1114112K
  class space    used 9736K, committed 9984K, reserved 1048576K
}
Event: 2649.253 GC heap before
{Heap before GC invocations=274 (full 100):
 garbage-first heap   total 304128K, used 252837K [0x00000000c0000000, 0x0000000100000000)
  region size 1024K, 143 young (146432K), 2 survivors (2048K)
 Metaspace       used 71543K, committed 72064K, reserved 1114112K
  class space    used 9736K, committed 9984K, reserved 1048576K
}
Event: 2649.256 GC heap after
{Heap after GC invocations=275 (full 100):
 garbage-first heap   total 304128K, used 113635K [0x00000000c0000000, 0x0000000100000000)
  region size 1024K, 6 young (6144K), 6 survivors (6144K)
 Metaspace       used 71543K, committed 72064K, reserved 1114112K
  class space    used 9736K, committed 9984K, reserved 1048576K
}
Event: 2665.604 GC heap before
{Heap before GC invocations=275 (full 100):
 garbage-first heap   total 304128K, used 253923K [0x00000000c0000000, 0x0000000100000000)
  region size 1024K, 143 young (146432K), 6 survivors (6144K)
 Metaspace       used 71545K, committed 72064K, reserved 1114112K
  class space    used 9736K, committed 9984K, reserved 1048576K
}
Event: 2665.609 GC heap after
{Heap after GC invocations=276 (full 100):
 garbage-first heap   total 304128K, used 124398K [0x00000000c0000000, 0x0000000100000000)
  region size 1024K, 16 young (16384K), 16 survivors (16384K)
 Metaspace       used 71545K, committed 72064K, reserved 1114112K
  class space    used 9736K, committed 9984K, reserved 1048576K
}
Event: 2674.444 GC heap before
{Heap before GC invocations=276 (full 100):
 garbage-first heap   total 304128K, used 251374K [0x00000000c0000000, 0x0000000100000000)
  region size 1024K, 140 young (143360K), 16 survivors (16384K)
 Metaspace       used 71545K, committed 72064K, reserved 1114112K
  class space    used 9736K, committed 9984K, reserved 1048576K
}
Event: 2674.449 GC heap after
{Heap after GC invocations=277 (full 100):
 garbage-first heap   total 304128K, used 125635K [0x00000000c0000000, 0x0000000100000000)
  region size 1024K, 5 young (5120K), 5 survivors (5120K)
 Metaspace       used 71545K, committed 72064K, reserved 1114112K
  class space    used 9736K, committed 9984K, reserved 1048576K
}
Event: 2681.359 GC heap before
{Heap before GC invocations=278 (full 100):
 garbage-first heap   total 304128K, used 252611K [0x00000000c0000000, 0x0000000100000000)
  region size 1024K, 129 young (132096K), 5 survivors (5120K)
 Metaspace       used 71545K, committed 72064K, reserved 1114112K
  class space    used 9736K, committed 9984K, reserved 1048576K
}
Event: 2681.362 GC heap after
{Heap after GC invocations=279 (full 100):
 garbage-first heap   total 304128K, used 127729K [0x00000000c0000000, 0x0000000100000000)
  region size 1024K, 7 young (7168K), 7 survivors (7168K)
 Metaspace       used 71545K, committed 72064K, reserved 1114112K
  class space    used 9736K, committed 9984K, reserved 1048576K
}
Event: 2681.566 GC heap before
{Heap before GC invocations=279 (full 100):
 garbage-first heap   total 304128K, used 134897K [0x00000000c0000000, 0x0000000100000000)
  region size 1024K, 14 young (14336K), 7 survivors (7168K)
 Metaspace       used 71545K, committed 72064K, reserved 1114112K
  class space    used 9736K, committed 9984K, reserved 1048576K
}
Event: 2681.568 GC heap after
{Heap after GC invocations=280 (full 100):
 garbage-first heap   total 304128K, used 122671K [0x00000000c0000000, 0x0000000100000000)
  region size 1024K, 2 young (2048K), 2 survivors (2048K)
 Metaspace       used 71545K, committed 72064K, reserved 1114112K
  class space    used 9736K, committed 9984K, reserved 1048576K
}
Event: 2724.429 GC heap before
{Heap before GC invocations=280 (full 100):
 garbage-first heap   total 304128K, used 202543K [0x00000000c0000000, 0x0000000100000000)
  region size 1024K, 81 young (82944K), 2 survivors (2048K)
 Metaspace       used 71545K, committed 72064K, reserved 1114112K
  class space    used 9736K, committed 9984K, reserved 1048576K
}
Event: 2724.468 GC heap after
{Heap after GC invocations=281 (full 101):
 garbage-first heap   total 304128K, used 99336K [0x00000000c0000000, 0x0000000100000000)
  region size 1024K, 0 young (0K), 0 survivors (0K)
 Metaspace       used 71545K, committed 72064K, reserved 1114112K
  class space    used 9736K, committed 9984K, reserved 1048576K
}
Event: 2734.608 GC heap before
{Heap before GC invocations=281 (full 101):
 garbage-first heap   total 304128K, used 99336K [0x00000000c0000000, 0x0000000100000000)
  region size 1024K, 1 young (1024K), 0 survivors (0K)
 Metaspace       used 71545K, committed 72064K, reserved 1114112K
  class space    used 9736K, committed 9984K, reserved 1048576K
}
Event: 2734.651 GC heap after
{Heap after GC invocations=282 (full 102):
 garbage-first heap   total 304128K, used 99169K [0x00000000c0000000, 0x0000000100000000)
  region size 1024K, 0 young (0K), 0 survivors (0K)
 Metaspace       used 71545K, committed 72064K, reserved 1114112K
  class space    used 9736K, committed 9984K, reserved 1048576K
}
Event: 2744.791 GC heap before
{Heap before GC invocations=282 (full 102):
 garbage-first heap   total 304128K, used 99169K [0x00000000c0000000, 0x0000000100000000)
  region size 1024K, 1 young (1024K), 0 survivors (0K)
 Metaspace       used 71545K, committed 72064K, reserved 1114112K
  class space    used 9736K, committed 9984K, reserved 1048576K
}
Event: 2744.839 GC heap after
{Heap after GC invocations=283 (full 103):
 garbage-first heap   total 304128K, used 99110K [0x00000000c0000000, 0x0000000100000000)
  region size 1024K, 0 young (0K), 0 survivors (0K)
 Metaspace       used 71545K, committed 72064K, reserved 1114112K
  class space    used 9736K, committed 9984K, reserved 1048576K
}
Event: 2754.961 GC heap before
{Heap before GC invocations=283 (full 103):
 garbage-first heap   total 304128K, used 99110K [0x00000000c0000000, 0x0000000100000000)
  region size 1024K, 1 young (1024K), 0 survivors (0K)
 Metaspace       used 71545K, committed 72064K, reserved 1114112K
  class space    used 9736K, committed 9984K, reserved 1048576K
}
Event: 2755.003 GC heap after
{Heap after GC invocations=284 (full 104):
 garbage-first heap   total 304128K, used 99110K [0x00000000c0000000, 0x0000000100000000)
  region size 1024K, 0 young (0K), 0 survivors (0K)
 Metaspace       used 71545K, committed 72064K, reserved 1114112K
  class space    used 9736K, committed 9984K, reserved 1048576K
}

